[debug] [2020-03-06T18:14:57.675Z] ----------------------------------------------------------------------
[debug] [2020-03-06T18:14:57.677Z] Command:       C:\Program Files\nodejs\node.exe C:\Users\alexa\AppData\Roaming\npm\node_modules\firebase-tools\lib\bin\firebase.js serve
[debug] [2020-03-06T18:14:57.677Z] CLI Version:   7.14.0
[debug] [2020-03-06T18:14:57.677Z] Platform:      win32
[debug] [2020-03-06T18:14:57.677Z] Node Version:  v12.13.1
[debug] [2020-03-06T18:14:57.678Z] Time:          Fri Mar 06 2020 10:14:57 GMT-0800 (Pacific Standard Time)
[debug] [2020-03-06T18:14:57.678Z] ----------------------------------------------------------------------
[debug] [2020-03-06T18:14:57.678Z] 
[debug] [2020-03-06T18:14:57.690Z] > command requires scopes: ["email","openid","https://www.googleapis.com/auth/cloudplatformprojects.readonly","https://www.googleapis.com/auth/firebase","https://www.googleapis.com/auth/cloud-platform"]
[debug] [2020-03-06T18:14:57.692Z] > authorizing via signed-in user
[debug] [2020-03-06T18:14:57.692Z] [iam] checking project chatbot-310-app for permissions ["firebase.projects.get"]
[debug] [2020-03-06T18:14:57.695Z] >>> HTTP REQUEST POST https://cloudresourcemanager.googleapis.com/v1/projects/chatbot-310-app:testIamPermissions  

[debug] [2020-03-06T18:14:57.849Z] <<< HTTP RESPONSE 200
[debug] [2020-03-06T18:14:57.853Z] >>> HTTP REQUEST GET https://firebase.googleapis.com/v1beta1/projects/chatbot-310-app  
 
[debug] [2020-03-06T18:14:58.089Z] <<< HTTP RESPONSE 200
[info] 
[info] === Serving from 'C:\Users\alexa\OneDrive\Documents\UBC\2020S\COSC310\Chatbot_Vue\chatbot'...
[info] 
[debug] [2020-03-06T18:14:58.095Z] >>> HTTP REQUEST GET https://firebase.googleapis.com/v1beta1/projects/chatbot-310-app/webApps/-/config  
 
[debug] [2020-03-06T18:14:58.398Z] <<< HTTP RESPONSE 200
[info] i  hosting: Serving hosting files from: dist
[info] +  hosting: Local server: http://localhost:5000
